cc -MM  testfs.c mktestfs.c bitmap.c block.c super.c inode.c read_write.c dir.c file.c common.c > depend.mk
cc -g -Wall -Wextra -Werror -D_GNU_SOURCE -D_FILE_OFFSET_BITS=64     -c -o testfs.o testfs.c
cc -g -Wall -Wextra -Werror -D_GNU_SOURCE -D_FILE_OFFSET_BITS=64     -c -o bitmap.o bitmap.c
cc -g -Wall -Wextra -Werror -D_GNU_SOURCE -D_FILE_OFFSET_BITS=64     -c -o block.o block.c
cc -g -Wall -Wextra -Werror -D_GNU_SOURCE -D_FILE_OFFSET_BITS=64     -c -o super.o super.c
cc -g -Wall -Wextra -Werror -D_GNU_SOURCE -D_FILE_OFFSET_BITS=64     -c -o inode.o inode.c
cc -g -Wall -Wextra -Werror -D_GNU_SOURCE -D_FILE_OFFSET_BITS=64     -c -o read_write.o read_write.c
cc -g -Wall -Wextra -Werror -D_GNU_SOURCE -D_FILE_OFFSET_BITS=64     -c -o dir.o dir.c
cc -g -Wall -Wextra -Werror -D_GNU_SOURCE -D_FILE_OFFSET_BITS=64     -c -o file.o file.c
cc -g -Wall -Wextra -Werror -D_GNU_SOURCE -D_FILE_OFFSET_BITS=64     -c -o common.o common.c
cc -o testfs -g -Wall -Wextra -Werror -D_GNU_SOURCE -D_FILE_OFFSET_BITS=64   testfs.o bitmap.o block.o super.o inode.o read_write.o dir.o file.o common.o -lpopt 
cc -g -Wall -Wextra -Werror -D_GNU_SOURCE -D_FILE_OFFSET_BITS=64     -c -o mktestfs.o mktestfs.c
cc -o mktestfs -g -Wall -Wextra -Werror -D_GNU_SOURCE -D_FILE_OFFSET_BITS=64   mktestfs.o bitmap.o block.o super.o inode.o read_write.o dir.o file.o common.o -lpopt     
Running: /cad2/ece344f/tester/scripts/lab6-01-testfs.py 
test_rw
Mark for test_rw is 10 out of 10
PASS
test_rw_large
Mark for test_rw_large is 20 out of 20
PASS
test_rw_no_space
Mark for test_rw_no_space is 5 out of 5
PASS
test_rw_too_big
Mark for test_rw_too_big is 5 out of 5
PASS

You have received 40 marks out of a total of 40 marks.
